 INFO [Twitter Stream consumer-1[initializing]] 2014-08-02 10:47:56,254 SLF4JLogger.java (line 83) Establishing connection.
 INFO [Twitter Stream consumer-2[initializing]] 2014-08-02 10:48:23,580 SLF4JLogger.java (line 83) Establishing connection.
 INFO [Twitter Stream consumer-2[Establishing connection]] 2014-08-02 10:48:26,266 SLF4JLogger.java (line 83) 420:Returned by the Search and Trends API when you are being rate limited (https://dev.twitter.com/docs/rate-limiting).
Returned by the Streaming API:
 Too many login attempts in a short period of time.
 Running too many copies of the same application authenticating with the same account name.
Exceeded connection limit for user

 INFO [Twitter Stream consumer-2[Establishing connection]] 2014-08-02 10:48:26,267 SLF4JLogger.java (line 83) Waiting for 10000 milliseconds
 INFO [Twitter Stream consumer-1[Disposing thread]] 2014-08-02 10:48:33,168 SLF4JLogger.java (line 83) Connection established.
 INFO [Twitter Stream consumer-1[Disposing thread]] 2014-08-02 10:48:33,169 SLF4JLogger.java (line 83) Receiving status stream.
 INFO [Twitter Stream consumer-2[Waiting for 10000 milliseconds]] 2014-08-02 10:48:36,268 SLF4JLogger.java (line 83) Establishing connection.
 INFO [Twitter Stream consumer-2[Establishing connection]] 2014-08-02 10:48:38,780 SLF4JLogger.java (line 83) 420:Returned by the Search and Trends API when you are being rate limited (https://dev.twitter.com/docs/rate-limiting).
Returned by the Streaming API:
 Too many login attempts in a short period of time.
 Running too many copies of the same application authenticating with the same account name.
Exceeded connection limit for user

 INFO [Twitter Stream consumer-2[Establishing connection]] 2014-08-02 10:48:38,782 SLF4JLogger.java (line 83) Waiting for 20000 milliseconds
 INFO [Twitter Stream consumer-2[Waiting for 20000 milliseconds]] 2014-08-02 10:48:58,784 SLF4JLogger.java (line 83) Establishing connection.
 INFO [Twitter Stream consumer-2[Establishing connection]] 2014-08-02 10:49:31,881 SLF4JLogger.java (line 83) Connection established.
 INFO [Twitter Stream consumer-2[Establishing connection]] 2014-08-02 10:49:31,882 SLF4JLogger.java (line 83) Receiving status stream.
ERROR [AWT-EventQueue-0] 2014-08-02 10:49:33,274 DataBaseService.java (line 479) com.mysql.jdbc.MysqlDataTruncation: Data truncation: Data too long for column 'Keyword' at row 1
	at com.mysql.jdbc.MysqlIO.checkErrorPacket(MysqlIO.java:4072)
	at com.mysql.jdbc.MysqlIO.checkErrorPacket(MysqlIO.java:4006)
	at com.mysql.jdbc.MysqlIO.sendCommand(MysqlIO.java:2468)
	at com.mysql.jdbc.MysqlIO.sqlQueryDirect(MysqlIO.java:2629)
	at com.mysql.jdbc.ConnectionImpl.execSQL(ConnectionImpl.java:2719)
	at com.mysql.jdbc.PreparedStatement.executeInternal(PreparedStatement.java:2155)
	at com.mysql.jdbc.PreparedStatement.executeUpdate(PreparedStatement.java:2450)
	at com.mysql.jdbc.PreparedStatement.executeUpdate(PreparedStatement.java:2371)
	at com.mysql.jdbc.PreparedStatement.executeUpdate(PreparedStatement.java:2355)
	at mainService.DataBaseService.Update(DataBaseService.java:476)
	at vn.hieptn.interesttopic.InterestTopicMain.jButton2ActionPerformed(InterestTopicMain.java:1337)
	at vn.hieptn.interesttopic.InterestTopicMain.access$2100(InterestTopicMain.java:46)
	at vn.hieptn.interesttopic.InterestTopicMain$21.actionPerformed(InterestTopicMain.java:672)
	at javax.swing.AbstractButton.fireActionPerformed(AbstractButton.java:2018)
	at javax.swing.AbstractButton$Handler.actionPerformed(AbstractButton.java:2341)
	at javax.swing.DefaultButtonModel.fireActionPerformed(DefaultButtonModel.java:402)
	at javax.swing.DefaultButtonModel.setPressed(DefaultButtonModel.java:259)
	at javax.swing.plaf.basic.BasicButtonListener.mouseReleased(BasicButtonListener.java:252)
	at java.awt.Component.processMouseEvent(Component.java:6516)
	at javax.swing.JComponent.processMouseEvent(JComponent.java:3320)
	at java.awt.Component.processEvent(Component.java:6281)
	at java.awt.Container.processEvent(Container.java:2229)
	at java.awt.Component.dispatchEventImpl(Component.java:4872)
	at java.awt.Container.dispatchEventImpl(Container.java:2287)
	at java.awt.Component.dispatchEvent(Component.java:4698)
	at java.awt.LightweightDispatcher.retargetMouseEvent(Container.java:4832)
	at java.awt.LightweightDispatcher.processMouseEvent(Container.java:4492)
	at java.awt.LightweightDispatcher.dispatchEvent(Container.java:4422)
	at java.awt.Container.dispatchEventImpl(Container.java:2273)
	at java.awt.Window.dispatchEventImpl(Window.java:2719)
	at java.awt.Component.dispatchEvent(Component.java:4698)
	at java.awt.EventQueue.dispatchEventImpl(EventQueue.java:735)
	at java.awt.EventQueue.access$200(EventQueue.java:103)
	at java.awt.EventQueue$3.run(EventQueue.java:694)
	at java.awt.EventQueue$3.run(EventQueue.java:692)
	at java.security.AccessController.doPrivileged(Native Method)
	at java.security.ProtectionDomain$1.doIntersectionPrivilege(ProtectionDomain.java:76)
	at java.security.ProtectionDomain$1.doIntersectionPrivilege(ProtectionDomain.java:87)
	at java.awt.EventQueue$4.run(EventQueue.java:708)
	at java.awt.EventQueue$4.run(EventQueue.java:706)
	at java.security.AccessController.doPrivileged(Native Method)
	at java.security.ProtectionDomain$1.doIntersectionPrivilege(ProtectionDomain.java:76)
	at java.awt.EventQueue.dispatchEvent(EventQueue.java:705)
	at java.awt.EventDispatchThread.pumpOneEventForFilters(EventDispatchThread.java:242)
	at java.awt.EventDispatchThread.pumpEventsForFilter(EventDispatchThread.java:161)
	at java.awt.EventDispatchThread.pumpEventsForHierarchy(EventDispatchThread.java:150)
	at java.awt.EventDispatchThread.pumpEvents(EventDispatchThread.java:146)
	at java.awt.EventDispatchThread.pumpEvents(EventDispatchThread.java:138)
	at java.awt.EventDispatchThread.run(EventDispatchThread.java:91)

ERROR [AWT-EventQueue-0] 2014-08-02 10:51:08,516 DataBaseService.java (line 479) com.mysql.jdbc.MysqlDataTruncation: Data truncation: Data too long for column 'Keyword' at row 1
	at com.mysql.jdbc.MysqlIO.checkErrorPacket(MysqlIO.java:4072)
	at com.mysql.jdbc.MysqlIO.checkErrorPacket(MysqlIO.java:4006)
	at com.mysql.jdbc.MysqlIO.sendCommand(MysqlIO.java:2468)
	at com.mysql.jdbc.MysqlIO.sqlQueryDirect(MysqlIO.java:2629)
	at com.mysql.jdbc.ConnectionImpl.execSQL(ConnectionImpl.java:2719)
	at com.mysql.jdbc.PreparedStatement.executeInternal(PreparedStatement.java:2155)
	at com.mysql.jdbc.PreparedStatement.executeUpdate(PreparedStatement.java:2450)
	at com.mysql.jdbc.PreparedStatement.executeUpdate(PreparedStatement.java:2371)
	at com.mysql.jdbc.PreparedStatement.executeUpdate(PreparedStatement.java:2355)
	at mainService.DataBaseService.Update(DataBaseService.java:476)
	at vn.hieptn.interesttopic.InterestTopicMain.jButton2ActionPerformed(InterestTopicMain.java:1337)
	at vn.hieptn.interesttopic.InterestTopicMain.access$2100(InterestTopicMain.java:46)
	at vn.hieptn.interesttopic.InterestTopicMain$21.actionPerformed(InterestTopicMain.java:672)
	at javax.swing.AbstractButton.fireActionPerformed(AbstractButton.java:2018)
	at javax.swing.AbstractButton$Handler.actionPerformed(AbstractButton.java:2341)
	at javax.swing.DefaultButtonModel.fireActionPerformed(DefaultButtonModel.java:402)
	at javax.swing.DefaultButtonModel.setPressed(DefaultButtonModel.java:259)
	at javax.swing.plaf.basic.BasicButtonListener.mouseReleased(BasicButtonListener.java:252)
	at java.awt.Component.processMouseEvent(Component.java:6516)
	at javax.swing.JComponent.processMouseEvent(JComponent.java:3320)
	at java.awt.Component.processEvent(Component.java:6281)
	at java.awt.Container.processEvent(Container.java:2229)
	at java.awt.Component.dispatchEventImpl(Component.java:4872)
	at java.awt.Container.dispatchEventImpl(Container.java:2287)
	at java.awt.Component.dispatchEvent(Component.java:4698)
	at java.awt.LightweightDispatcher.retargetMouseEvent(Container.java:4832)
	at java.awt.LightweightDispatcher.processMouseEvent(Container.java:4492)
	at java.awt.LightweightDispatcher.dispatchEvent(Container.java:4422)
	at java.awt.Container.dispatchEventImpl(Container.java:2273)
	at java.awt.Window.dispatchEventImpl(Window.java:2719)
	at java.awt.Component.dispatchEvent(Component.java:4698)
	at java.awt.EventQueue.dispatchEventImpl(EventQueue.java:735)
	at java.awt.EventQueue.access$200(EventQueue.java:103)
	at java.awt.EventQueue$3.run(EventQueue.java:694)
	at java.awt.EventQueue$3.run(EventQueue.java:692)
	at java.security.AccessController.doPrivileged(Native Method)
	at java.security.ProtectionDomain$1.doIntersectionPrivilege(ProtectionDomain.java:76)
	at java.security.ProtectionDomain$1.doIntersectionPrivilege(ProtectionDomain.java:87)
	at java.awt.EventQueue$4.run(EventQueue.java:708)
	at java.awt.EventQueue$4.run(EventQueue.java:706)
	at java.security.AccessController.doPrivileged(Native Method)
	at java.security.ProtectionDomain$1.doIntersectionPrivilege(ProtectionDomain.java:76)
	at java.awt.EventQueue.dispatchEvent(EventQueue.java:705)
	at java.awt.EventDispatchThread.pumpOneEventForFilters(EventDispatchThread.java:242)
	at java.awt.EventDispatchThread.pumpEventsForFilter(EventDispatchThread.java:161)
	at java.awt.EventDispatchThread.pumpEventsForHierarchy(EventDispatchThread.java:150)
	at java.awt.EventDispatchThread.pumpEvents(EventDispatchThread.java:146)
	at java.awt.EventDispatchThread.pumpEvents(EventDispatchThread.java:138)
	at java.awt.EventDispatchThread.run(EventDispatchThread.java:91)

ERROR [AWT-EventQueue-0] 2014-08-02 10:51:08,718 DataBaseService.java (line 479) com.mysql.jdbc.MysqlDataTruncation: Data truncation: Data too long for column 'Keyword' at row 1
	at com.mysql.jdbc.MysqlIO.checkErrorPacket(MysqlIO.java:4072)
	at com.mysql.jdbc.MysqlIO.checkErrorPacket(MysqlIO.java:4006)
	at com.mysql.jdbc.MysqlIO.sendCommand(MysqlIO.java:2468)
	at com.mysql.jdbc.MysqlIO.sqlQueryDirect(MysqlIO.java:2629)
	at com.mysql.jdbc.ConnectionImpl.execSQL(ConnectionImpl.java:2719)
	at com.mysql.jdbc.PreparedStatement.executeInternal(PreparedStatement.java:2155)
	at com.mysql.jdbc.PreparedStatement.executeUpdate(PreparedStatement.java:2450)
	at com.mysql.jdbc.PreparedStatement.executeUpdate(PreparedStatement.java:2371)
	at com.mysql.jdbc.PreparedStatement.executeUpdate(PreparedStatement.java:2355)
	at mainService.DataBaseService.Update(DataBaseService.java:476)
	at vn.hieptn.interesttopic.InterestTopicMain.jButton2ActionPerformed(InterestTopicMain.java:1337)
	at vn.hieptn.interesttopic.InterestTopicMain.access$2100(InterestTopicMain.java:46)
	at vn.hieptn.interesttopic.InterestTopicMain$21.actionPerformed(InterestTopicMain.java:672)
	at javax.swing.AbstractButton.fireActionPerformed(AbstractButton.java:2018)
	at javax.swing.AbstractButton$Handler.actionPerformed(AbstractButton.java:2341)
	at javax.swing.DefaultButtonModel.fireActionPerformed(DefaultButtonModel.java:402)
	at javax.swing.DefaultButtonModel.setPressed(DefaultButtonModel.java:259)
	at javax.swing.plaf.basic.BasicButtonListener.mouseReleased(BasicButtonListener.java:252)
	at java.awt.Component.processMouseEvent(Component.java:6516)
	at javax.swing.JComponent.processMouseEvent(JComponent.java:3320)
	at java.awt.Component.processEvent(Component.java:6281)
	at java.awt.Container.processEvent(Container.java:2229)
	at java.awt.Component.dispatchEventImpl(Component.java:4872)
	at java.awt.Container.dispatchEventImpl(Container.java:2287)
	at java.awt.Component.dispatchEvent(Component.java:4698)
	at java.awt.LightweightDispatcher.retargetMouseEvent(Container.java:4832)
	at java.awt.LightweightDispatcher.processMouseEvent(Container.java:4492)
	at java.awt.LightweightDispatcher.dispatchEvent(Container.java:4422)
	at java.awt.Container.dispatchEventImpl(Container.java:2273)
	at java.awt.Window.dispatchEventImpl(Window.java:2719)
	at java.awt.Component.dispatchEvent(Component.java:4698)
	at java.awt.EventQueue.dispatchEventImpl(EventQueue.java:735)
	at java.awt.EventQueue.access$200(EventQueue.java:103)
	at java.awt.EventQueue$3.run(EventQueue.java:694)
	at java.awt.EventQueue$3.run(EventQueue.java:692)
	at java.security.AccessController.doPrivileged(Native Method)
	at java.security.ProtectionDomain$1.doIntersectionPrivilege(ProtectionDomain.java:76)
	at java.security.ProtectionDomain$1.doIntersectionPrivilege(ProtectionDomain.java:87)
	at java.awt.EventQueue$4.run(EventQueue.java:708)
	at java.awt.EventQueue$4.run(EventQueue.java:706)
	at java.security.AccessController.doPrivileged(Native Method)
	at java.security.ProtectionDomain$1.doIntersectionPrivilege(ProtectionDomain.java:76)
	at java.awt.EventQueue.dispatchEvent(EventQueue.java:705)
	at java.awt.EventDispatchThread.pumpOneEventForFilters(EventDispatchThread.java:242)
	at java.awt.EventDispatchThread.pumpEventsForFilter(EventDispatchThread.java:161)
	at java.awt.EventDispatchThread.pumpEventsForHierarchy(EventDispatchThread.java:150)
	at java.awt.EventDispatchThread.pumpEvents(EventDispatchThread.java:146)
	at java.awt.EventDispatchThread.pumpEvents(EventDispatchThread.java:138)
	at java.awt.EventDispatchThread.run(EventDispatchThread.java:91)

